<?xml version="1.0" encoding="UTF-8" ?>
<testsuite failures="0" time="0.011" errors="1" skipped="0" tests="1" name="org.junit.runner.manipulation.Filter">
  <properties>
[...]
</properties>
  <testcase time="0.005" classname="org.junit.runner.manipulation.Filter" name="initializationError">
    <error message="No tests found matching (category interface simplemapper.UnitTests) from org.junit.runner.Request$1@57003d5d" type="java.lang.Exception">java.lang.Exception: No tests found matching (category interface simplemapper.UnitTests) from org.junit.runner.Request$1@57003d5d
	at org.junit.internal.requests.FilterRequest.getRunner(FilterRequest.java:35)
	at org.junit.runner.JUnitCore.run(JUnitCore.java:138)
	at org.apache.maven.surefire.junitcore.JUnitCoreWrapper.execute(JUnitCoreWrapper.java:61)
	at org.apache.maven.surefire.junitcore.JUnitCoreProvider.invoke(JUnitCoreProvider.java:140)
	at sun.reflect.NativeMethodAccessorImpl.invoke0(Native Method)
	at sun.reflect.NativeMethodAccessorImpl.invoke(NativeMethodAccessorImpl.java:57)
	at sun.reflect.DelegatingMethodAccessorImpl.invoke(DelegatingMethodAccessorImpl.java:43)
	at java.lang.reflect.Method.invoke(Method.java:601)
	at org.apache.maven.surefire.util.ReflectionUtils.invokeMethodWithArray(ReflectionUtils.java:188)
	at org.apache.maven.surefire.booter.ProviderFactory$ProviderProxy.invoke(ProviderFactory.java:166)
	at org.apache.maven.surefire.booter.ProviderFactory.invokeProvider(ProviderFactory.java:86)
	at org.apache.maven.surefire.booter.ForkedBooter.runSuitesInProcess(ForkedBooter.java:101)
	at org.apache.maven.surefire.booter.ForkedBooter.main(ForkedBooter.java:74)
</error>
  </testcase>
</testsuite>